  0.4882812E+00  0.1000000E-01
        512         1       257
 ieqex=            2  ALL GREEN
    0
  TOP  OF MODEL IS HALFSPACE WITH PROPERTIES OF FIRST LAYER
  BASE OF MODEL IS HALFSPACE WITH PROPERTIES OF BOTTOM LAYER
 Vel_Model_Final
 LAYER             H      P-VEL     S-VEL   DENSITY  
     1          1.000     3.800     2.000     2.300
     2          1.000     3.800     2.000     2.300
     3          0.370     3.800     2.000     2.300
     4          0.890     3.800     2.000     2.300
     5          0.700     3.800     2.000     2.300
     6          5.040     3.800     2.000     2.300
 Working model
        d         a         b         rho      1/qa      1/qb       bsh    1/qbsh
      1.000     3.800     2.000     2.300  0.000167  0.000167     2.000     2.300
      1.000     3.800     2.000     2.300  0.000167  0.000167     2.000     2.300
      0.370     3.800     2.000     2.300  0.000167  0.000167     2.000     2.300
      0.890     3.800     2.000     2.300  0.000167  0.000167     2.000     2.300
      0.700     3.800     2.000     2.300  0.000167  0.000167     2.000     2.300
                3.800     2.000     2.300  0.000167  0.000167     2.000     2.300
 
XLENG=  0.2427000E+02 XFAC=  0.4000000E+01
WAVENUMBER FILTERING bounded in phase velocites
[cmax,c1,c2,cmin]=[    -1.000,    -1.000,    -1.000,    -1.000]
( -1.0 means 0.0 for cmin and infinity for cmax)
  LAYER INSERTION DONE
 mmax=           8
 0.1000E+01 0.3800E+01 0.2000E+01 0.2300E+01 0.1667E-03 0.1667E-03
 0.1000E+01 0.3800E+01 0.2000E+01 0.2300E+01 0.1667E-03 0.1667E-03
 0.3700E+00 0.3800E+01 0.2000E+01 0.2300E+01 0.1667E-03 0.1667E-03
 0.8300E+00 0.3800E+01 0.2000E+01 0.2300E+01 0.1667E-03 0.1667E-03
 0.6000E-01 0.3800E+01 0.2000E+01 0.2300E+01 0.1667E-03 0.1667E-03
 0.7000E+00 0.3800E+01 0.2000E+01 0.2300E+01 0.1667E-03 0.1667E-03
 0.1150E+01 0.3800E+01 0.2000E+01 0.2300E+01 0.1667E-03 0.1667E-03
 0.3890E+01 0.3800E+01 0.2000E+01 0.2300E+01 0.1667E-03 0.1667E-03
fl =   0.00000     fu =  50.00000     df =   0.19531
    n1 =   1     n2 = 257      n =  512
vmin  =   2.00000 vamin =   3.80000 vamax =   3.80000
                  vbmin =   2.00000 vbmax =   2.00000
 SOURCE DEPTH IN WORKING AND ORIGINAL MODEL (           1 )
depths =            5.110000 (            5.110000)
 RECEIVER DEPTH IN WORKING AND ORIGINAL MODEL (           1 )
depthr =      3.200000 (            3.200000)
 RECEIVER DISTANCES (           1 )
     r =      2.713000 tshift=      0.00 vred=      0.00
alpha =   0.48828     dt =     0.010
frequencies for which response computed     
   0.00195   0.19531   0.39062   0.58594   0.78125   0.97656   1.17188   1.36719
   1.56250   1.75781   1.95312   2.14844   2.34375   2.53906   2.73438   2.92969
   3.12500   3.32031   3.51562   3.71094   3.90625   4.10156   4.29688   4.49219
   4.68750   4.88281   5.07812   5.27344   5.46875   5.66406   5.85938   6.05469
   6.25000   6.44531   6.64062   6.83594   7.03125   7.22656   7.42188   7.61719
   7.81250   8.00781   8.20312   8.39844   8.59375   8.78906   8.98438   9.17969
   9.37500   9.57031   9.76562   9.96094  10.15625  10.35156  10.54688  10.74219
  10.93750  11.13281  11.32812  11.52344  11.71875  11.91406  12.10938  12.30469
  12.50000  12.69531  12.89062  13.08594  13.28125  13.47656  13.67188  13.86719
  14.06250  14.25781  14.45312  14.64844  14.84375  15.03906  15.23438  15.42969
  15.62500  15.82031  16.01562  16.21094  16.40625  16.60156  16.79688  16.99219
  17.18750  17.38281  17.57812  17.77344  17.96875  18.16406  18.35938  18.55469
  18.75000  18.94531  19.14062  19.33594  19.53125  19.72656  19.92188  20.11719
  20.31250  20.50781  20.70312  20.89844  21.09375  21.28906  21.48438  21.67969
  21.87500  22.07031  22.26562  22.46094  22.65625  22.85156  23.04688  23.24219
  23.43750  23.63281  23.82812  24.02344  24.21875  24.41406  24.60938  24.80469
  25.00000  25.19531  25.39062  25.58594  25.78125  25.97656  26.17188  26.36719
  26.56250  26.75781  26.95312  27.14844  27.34375  27.53906  27.73438  27.92969
  28.12500  28.32031  28.51562  28.71094  28.90625  29.10156  29.29688  29.49219
  29.68750  29.88281  30.07812  30.27344  30.46875  30.66406  30.85938  31.05469
  31.25000  31.44531  31.64062  31.83594  32.03125  32.22656  32.42188  32.61719
  32.81250  33.00781  33.20312  33.39844  33.59375  33.78906  33.98438  34.17969
